#
# There is insufficient memory for the Java Runtime Environment to continue.
# Native memory allocation (malloc) failed to allocate 1048576 bytes for AllocateHeap
# Possible reasons:
#   The system is out of physical RAM or swap space
#   The process is running with CompressedOops enabled, and the Java Heap may be blocking the growth of the native heap
# Possible solutions:
#   Reduce memory load on the system
#   Increase physical memory or swap space
#   Check if swap backing store is full
#   Decrease Java heap size (-Xmx/-Xms)
#   Decrease number of Java threads
#   Decrease Java thread stack sizes (-Xss)
#   Set larger code cache with -XX:ReservedCodeCacheSize=
#   JVM is running with Unscaled Compressed Oops mode in which the Java heap is
#     placed in the first 4GB address space. The Java Heap base address is the
#     maximum limit for the native heap growth. Please use -XX:HeapBaseMinAddress
#     to set the Java Heap base and to place the Java Heap above 4GB virtual address.
# This output file may be truncated or incomplete.
#
#  Out of Memory Error (memory/allocation.inline.hpp:61), pid=12792, tid=0x0000000000005e74
#
# JRE version:  (8.0_211-b12) (build )
# Java VM: Java HotSpot(TM) 64-Bit Server VM (25.211-b12 mixed mode windows-amd64 compressed oops)
# Failed to write core dump. Minidumps are not enabled by default on client versions of Windows
#

---------------  T H R E A D  ---------------

Current thread (0x00000000021b8000):  JavaThread "Unknown thread" [_thread_in_vm, id=24180, stack(0x0000000002580000,0x0000000002680000)]

Stack: [0x0000000002580000,0x0000000002680000]
[error occurred during error reporting (printing stack bounds), id 0xc0000005]

Native frames: (J=compiled Java code, j=interpreted, Vv=VM code, C=native code)


---------------  P R O C E S S  ---------------

Java Threads: ( => current thread )

Other Threads:

=>0x00000000021b8000 (exited) JavaThread "Unknown thread" [_thread_in_vm, id=24180, stack(0x0000000002580000,0x0000000002680000)]

VM state:not at safepoint (normal execution)

VM Mutex/Monitor currently owned by a thread: None

heap address: 0x00000000a4400000, size: 1468 MB, Compressed Oops mode: 32-bit
Narrow klass base: 0x0000000000000000, Narrow klass shift: 0
Compressed class space size: 1073741824 Address: 0x0000000015c80000

Heap:
 PSYoungGen      total 27648K, used 481K [0x00000000e1700000, 0x00000000e3580000, 0x0000000100000000)
  eden space 24064K, 2% used [0x00000000e1700000,0x00000000e1778528,0x00000000e2e80000)
  from space 3584K, 0% used [0x00000000e3200000,0x00000000e3200000,0x00000000e3580000)
  to   space 3584K, 0% used [0x00000000e2e80000,0x00000000e2e80000,0x00000000e3200000)
 ParOldGen       total 62976K, used 0K [0x00000000a4400000, 0x00000000a8180000, 0x00000000e1700000)
  object space 62976K, 0% used [0x00000000a4400000,0x00000000a4400000,0x00000000a8180000)
 Metaspace       used 751K, capacity 4480K, committed 4480K, reserved 1056768K
  class space    used 76K, capacity 384K, committed 384K, reserved 1048576K

Card table byte_map: [0x0000000011d10000,0x0000000011ff0000] byte_map_base: 0x00000000117ee000

Marking Bits: (ParMarkBitMap*) 0x000000006adc5ce0
 Begin Bits: [0x0000000012bc0000, 0x00000000142b0000)
 End Bits:   [0x00000000142b0000, 0x00000000159a0000)

Polling page: 0x0000000000220000

CodeCache: size=245760Kb used=327Kb max_used=327Kb free=245432Kb
 bounds [0x0000000002950000, 0x0000000002bc0000, 0x0000000011950000]
 total_blobs=57 nmethods=0 adapters=38
 compilation: enabled

Compilation events (0 events):
No events

GC Heap History (0 events):
No events

Deoptimization events (0 events):
No events

Classes redefined (0 events):
No events

Internal exceptions (0 events):
No events

Events (10 events):
Event: 0.053 loading class java/lang/Short
Event: 0.053 loading class java/lang/Short done
Event: 0.053 loading class java/lang/Integer
Event: 0.053 loading class java/lang/Integer done
Event: 0.053 loading class java/lang/Long
Event: 0.053 loading class java/lang/Long done
Event: 0.055 loading class java/lang/NullPointerException
Event: 0.055 loading class java/lang/NullPointerException done
Event: 0.055 loading class java/lang/ArithmeticException
Event: 0.055 loading class java/lang/ArithmeticException done


Dynamic libraries:
0x000000013f110000 - 0x000000013f147000 	D:\Programas\Arquivos de Programas\Java\jre1.8.0_211\bin\javaw.exe
0x0000000077080000 - 0x000000007721f000 	C:\Windows\SYSTEM32\ntdll.dll
0x0000000076e60000 - 0x0000000076f7f000 	C:\Windows\system32\kernel32.dll
0x000007fefd110000 - 0x000007fefd17a000 	C:\Windows\system32\KERNELBASE.dll
0x000007fefe300000 - 0x000007fefe3db000 	C:\Windows\system32\ADVAPI32.dll
0x000007fefd3e0000 - 0x000007fefd47f000 	C:\Windows\system32\msvcrt.dll
0x000007fefe0e0000 - 0x000007fefe0ff000 	C:\Windows\SYSTEM32\sechost.dll
0x000007fefd8d0000 - 0x000007fefd9fd000 	C:\Windows\system32\RPCRT4.dll
0x0000000076f80000 - 0x000000007707a000 	C:\Windows\system32\USER32.dll
0x000007fefd7c0000 - 0x000007fefd827000 	C:\Windows\system32\GDI32.dll
0x000007fefd580000 - 0x000007fefd58e000 	C:\Windows\system32\LPK.dll
0x000007fefdda0000 - 0x000007fefde6b000 	C:\Windows\system32\USP10.dll
0x000007fefaef0000 - 0x000007fefb0e4000 	C:\Windows\WinSxS\amd64_microsoft.windows.common-controls_6595b64144ccf1df_6.0.7601.17514_none_fa396087175ac9ac\COMCTL32.dll
0x000007fefe560000 - 0x000007fefe5d1000 	C:\Windows\system32\SHLWAPI.dll
0x000007fefda60000 - 0x000007fefda8e000 	C:\Windows\system32\IMM32.DLL
0x000007fefd6b0000 - 0x000007fefd7b9000 	C:\Windows\system32\MSCTF.dll
0x000000006cdc0000 - 0x000000006ce92000 	D:\Programas\Arquivos de Programas\Java\jre1.8.0_211\bin\msvcr100.dll
0x000000006a5a0000 - 0x000000006ae45000 	D:\Programas\Arquivos de Programas\Java\jre1.8.0_211\bin\server\jvm.dll
0x000007fee1480000 - 0x000007fee1489000 	C:\Windows\system32\WSOCK32.dll
0x000007fefd390000 - 0x000007fefd3dd000 	C:\Windows\system32\WS2_32.dll
0x000007fefe0d0000 - 0x000007fefe0d8000 	C:\Windows\system32\NSI.dll
0x000007fef9680000 - 0x000007fef96bb000 	C:\Windows\system32\WINMM.dll
0x000007fefc240000 - 0x000007fefc24c000 	C:\Windows\system32\VERSION.dll
0x0000000077230000 - 0x0000000077237000 	C:\Windows\system32\PSAPI.DLL
0x000007fefad30000 - 0x000007fefad3f000 	D:\Programas\Arquivos de Programas\Java\jre1.8.0_211\bin\verify.dll
0x000007fef38b0000 - 0x000007fef38d9000 	D:\Programas\Arquivos de Programas\Java\jre1.8.0_211\bin\java.dll
0x000007fef3890000 - 0x000007fef38a6000 	D:\Programas\Arquivos de Programas\Java\jre1.8.0_211\bin\zip.dll

VM Arguments:
jvm_args: -Dfile.encoding=Cp1252 
java_command: view.QuestionarioGUI
java_class_path (initial): D:\Programas\Arquivos de Programas\Java\jre1.8.0_211\lib\resources.jar;D:\Programas\Arquivos de Programas\Java\jre1.8.0_211\lib\rt.jar;D:\Programas\Arquivos de Programas\Java\jre1.8.0_211\lib\jsse.jar;D:\Programas\Arquivos de Programas\Java\jre1.8.0_211\lib\jce.jar;D:\Programas\Arquivos de Programas\Java\jre1.8.0_211\lib\charsets.jar;D:\Programas\Arquivos de Programas\Java\jre1.8.0_211\lib\jfr.jar;D:\Programas\Arquivos de Programas\Java\jre1.8.0_211\lib\ext\access-bridge-64.jar;D:\Programas\Arquivos de Programas\Java\jre1.8.0_211\lib\ext\cldrdata.jar;D:\Programas\Arquivos de Programas\Java\jre1.8.0_211\lib\ext\dnsns.jar;D:\Programas\Arquivos de Programas\Java\jre1.8.0_211\lib\ext\jaccess.jar;D:\Programas\Arquivos de Programas\Java\jre1.8.0_211\lib\ext\jfxrt.jar;D:\Programas\Arquivos de Programas\Java\jre1.8.0_211\lib\ext\localedata.jar;D:\Programas\Arquivos de Programas\Java\jre1.8.0_211\lib\ext\nashorn.jar;D:\Programas\Arquivos de Programas\Java\jre1.8.0_211\lib\ext\sunec.jar;D:\Programas\Arquivos de Programas\Java\jre1.8.0_211\lib\ext\sunjce_provider.jar;D:\Programas\Arquivos de Programas\Java\jre1.8.0_211\lib\ext\sunmscapi.jar;D:\Programas\Arquivos de Programas\Java\jre1.8.0_211\lib\ext\sunpkcs11.jar;D:\Programas\Arquivos de Programas\Java\jre1.8.0_211\lib\ext\zipfs.jar;D:\Dados\Workspace\aurelio\bin;D:\Dados\Downloads\mysql-connector-java-5.1.46\mysql-connector-java-5.1.46.jar
Launcher Type: SUN_STANDARD

Environment Variables:
JAVA_HOME=D:\Programas\Arquivos de Programas\Java\jre1.8.0_191
PATH=D:/Programas/Arquivos de Programas/Java/jre1.8.0_211/bin/server;D:/Programas/Arquivos de Programas/Java/jre1.8.0_211/bin;D:/Programas/Arquivos de Programas/Java/jre1.8.0_211/lib/amd64;C:\Program Files\Common Files\Microsoft Shared\Windows Live;C:\Program Files (x86)\Common Files\Microsoft Shared\Windows Live;D:\Programas\Arquivos de Programas (x86)\Embarcadero\Studio\19.0\bin;C:\Users\Public\Documents\Embarcadero\Studio\19.0\Bpl;D:\Programas\Arquivos de Programas (x86)\Embarcadero\Studio\19.0\bin64;C:\Users\Public\Documents\Embarcadero\Studio\19.0\Bpl\Win64;C:\Program Files (x86)\Common Files\Oracle\Java\javapath;C:\ProgramData\Oracle\Java\javapath;C:\Windows\system32;C:\Windows;C:\Windows\System32\Wbem;C:\Windows\System32\WindowsPowerShell\v1.0\;C:\Program Files (x86)\ATI Technologies\ATI.ACE\Core-Static;d:\Programas\Arquivos de Programas (x86)\Microsoft SQL Server\100\Tools\Binn\;C:\Program Files\Microsoft SQL Server\100\Tools\Binn\;C:\Program Files\Microsoft SQL Server\100\DTS\Binn\;d:\Programas\Arquivos de Programas (x86)\Microsoft SQL Server\100\Tools\Binn\VSShell\Common7\IDE\;d:\Programas\Arquivos de Programas (x86)\Microsoft SQL Server\100\DTS\Binn\;C:\Program Files (x86)\Windows Live\Shared;D:\Programas\Arquivos de Programas (x86)\Python37-32;D:\Programas\Arquivos de Programas (x86)\Python37-32\Scripts;C:\Program Files (x86)\NVIDIA Corporation\PhysX\Common;D:\Programas\Arquivos de Programas\NVIDIA Corporation\NVIDIA NvDLISR;C:\Users\Programming\AppData\Local\Programs\Python\Python35\Scripts\;C:\Users\Programming\AppData\Local\Programs\Python\Python35\;C:\Users\Programming\Desktop;
USERNAME=Programming
OS=Windows_NT
PROCESSOR_IDENTIFIER=AMD64 Family 21 Model 2 Stepping 0, AuthenticAMD



---------------  S Y S T E M  ---------------

OS: Windows 7 , 64 bit Build 7601 (6.1.7601.24117)

CPU:total 8 (initial active 8) (8 cores per cpu, 1 threads per core) family 21 model 2 stepping 0, cmov, cx8, fxsr, mmx, sse, sse2, sse3, ssse3, sse4.1, sse4.2, popcnt, avx, aes, clmul, mmxext, 3dnowpref, lzcnt, sse4a, tsc, tscinvbit, tscinv, bmi1

Memory: 4k page, physical 6011000k(2350024k free), swap 24042124k(5928k free)

vm_info: Java HotSpot(TM) 64-Bit Server VM (25.211-b12) for windows-amd64 JRE (1.8.0_211-b12), built on Apr  1 2019 20:53:26 by "java_re" with MS VC++ 10.0 (VS2010)

time: Tue Jun 11 19:49:08 2019
timezone: Hora oficial do Brasil
elapsed time: 0 seconds (0d 0h 0m 0s)

